w:\junior_ui_programmer_recruitment_task\code\int\x64\framework\framework.pch
w:\junior_ui_programmer_recruitment_task\code\int\x64\framework\framework.pdb
w:\junior_ui_programmer_recruitment_task\code\int\x64\framework\framework.idb
w:\junior_ui_programmer_recruitment_task\code\int\x64\framework\pch.obj
w:\junior_ui_programmer_recruitment_task\code\int\x64\framework\window.obj
w:\junior_ui_programmer_recruitment_task\code\int\x64\framework\widget.obj
w:\junior_ui_programmer_recruitment_task\code\int\x64\framework\textbox.obj
w:\junior_ui_programmer_recruitment_task\code\int\x64\framework\progressbar.obj
w:\junior_ui_programmer_recruitment_task\code\int\x64\framework\playerhud.obj
w:\junior_ui_programmer_recruitment_task\code\int\x64\framework\button.obj
w:\junior_ui_programmer_recruitment_task\code\int\x64\framework\border.obj
w:\junior_ui_programmer_recruitment_task\code\int\x64\framework\assetmanager.obj
w:\junior_ui_programmer_recruitment_task\code\bin\x64\framework.lib
w:\junior_ui_programmer_recruitment_task\code\bin\x64.\framework.pdb
w:\junior_ui_programmer_recruitment_task\code\bin\x64.\framework.lib
w:\junior_ui_programmer_recruitment_task\code\int\x64\framework\framework.tlog\cl.command.1.tlog
w:\junior_ui_programmer_recruitment_task\code\int\x64\framework\framework.tlog\cl.read.1.tlog
w:\junior_ui_programmer_recruitment_task\code\int\x64\framework\framework.tlog\cl.write.1.tlog
w:\junior_ui_programmer_recruitment_task\code\int\x64\framework\framework.tlog\lib-link.read.1.tlog
w:\junior_ui_programmer_recruitment_task\code\int\x64\framework\framework.tlog\lib-link.write.1.tlog
w:\junior_ui_programmer_recruitment_task\code\int\x64\framework\framework.tlog\lib.command.1.tlog
